<?xml version="1.0" encoding="UTF-8"?>
<!-- Generated by org.testng.reporters.JUnitReportReporter -->
<testsuite hostname="IN-PG02NJQY" failures="0" tests="3" name="runner.TestRunner" time="207.242" errors="0" timestamp="15 Feb 2022 06:24:09 GMT" skipped="0">
  <testcase classname="runner.TestRunner" name="feature" time="51.286"/>
  <testcase classname="runner.TestRunner" name="feature" time="84.706"/>
  <testcase classname="runner.TestRunner" name="feature" time="71.250"/>
</testsuite> <!-- runner.TestRunner -->
